<?xml version="1.0" encoding="UTF-8"?>
<testng-results skipped="0" failed="0" ignored="0" total="1" passed="1">
  <reporter-output>
  </reporter-output>
  <suite name="Suite" duration-ms="46652" started-at="2019-08-10T08:41:18Z" finished-at="2019-08-10T08:42:04Z">
    <groups>
    </groups>
    <test name="Test" duration-ms="46652" started-at="2019-08-10T08:41:18Z" finished-at="2019-08-10T08:42:04Z">
      <class name="test.BuyLowPriceSUV">
        <test-method status="PASS" signature="beforeSuite()[pri:0, instance:test.BuyLowPriceSUV@6a024a67]" name="beforeSuite" is-config="true" duration-ms="327" started-at="2019-08-10T08:41:17Z" finished-at="2019-08-10T08:41:18Z">
          <reporter-output>
          </reporter-output>
        </test-method> <!-- beforeSuite -->
        <test-method status="PASS" signature="setValues()[pri:0, instance:test.BuyLowPriceSUV@6a024a67]" name="setValues" is-config="true" duration-ms="0" started-at="2019-08-10T08:41:18Z" finished-at="2019-08-10T08:41:18Z">
          <reporter-output>
          </reporter-output>
        </test-method> <!-- setValues -->
        <test-method status="PASS" signature="beforeMethod()[pri:0, instance:test.BuyLowPriceSUV@6a024a67]" name="beforeMethod" is-config="true" duration-ms="2538" started-at="2019-08-10T08:41:18Z" finished-at="2019-08-10T08:41:21Z">
          <reporter-output>
          </reporter-output>
        </test-method> <!-- beforeMethod -->
        <test-method status="PASS" signature="launchApp()[pri:0, instance:test.BuyLowPriceSUV@6a024a67]" name="launchApp" is-config="true" duration-ms="9151" started-at="2019-08-10T08:41:21Z" finished-at="2019-08-10T08:41:30Z">
          <reporter-output>
          </reporter-output>
        </test-method> <!-- launchApp -->
        <test-method status="PASS" signature="BuyCar(java.lang.String, java.lang.String, java.lang.String, java.lang.String)[pri:0, instance:test.BuyLowPriceSUV@6a024a67]" name="BuyCar" duration-ms="34245" started-at="2019-08-10T08:41:30Z" data-provider="fetchData" finished-at="2019-08-10T08:42:04Z">
          <params>
            <param index="0">
              <value>
                <![CDATA[Austin Bergstrom]]>
              </value>
            </param>
            <param index="1">
              <value>
                <![CDATA[Dinesh]]>
              </value>
            </param>
            <param index="2">
              <value>
                <![CDATA[C]]>
              </value>
            </param>
            <param index="3">
              <value>
                <![CDATA[dineshmca.c@gmail.com]]>
              </value>
            </param>
          </params>
          <reporter-output>
          </reporter-output>
        </test-method> <!-- BuyCar -->
        <test-method status="PASS" signature="afterMethod()[pri:0, instance:test.BuyLowPriceSUV@6a024a67]" name="afterMethod" is-config="true" duration-ms="309" started-at="2019-08-10T08:42:04Z" finished-at="2019-08-10T08:42:04Z">
          <reporter-output>
          </reporter-output>
        </test-method> <!-- afterMethod -->
        <test-method status="PASS" signature="afterSuite()[pri:0, instance:test.BuyLowPriceSUV@6a024a67]" name="afterSuite" is-config="true" duration-ms="222" started-at="2019-08-10T08:42:04Z" finished-at="2019-08-10T08:42:05Z">
          <reporter-output>
          </reporter-output>
        </test-method> <!-- afterSuite -->
      </class> <!-- test.BuyLowPriceSUV -->
    </test> <!-- Test -->
  </suite> <!-- Suite -->
</testng-results>
