<?xml version="1.0" encoding="UTF-8"?>
<testng-results skipped="0" failed="0" ignored="0" total="1" passed="1">
  <reporter-output>
  </reporter-output>
  <suite name="Suite" duration-ms="66996" started-at="2019-08-12T08:57:48Z" finished-at="2019-08-12T08:58:55Z">
    <groups>
    </groups>
    <test name="Test" duration-ms="66996" started-at="2019-08-12T08:57:48Z" finished-at="2019-08-12T08:58:55Z">
      <class name="test.BuyLowPriceSUV">
        <test-method status="PASS" signature="beforeSuite()[pri:0, instance:test.BuyLowPriceSUV@1ed4004b]" name="beforeSuite" is-config="true" duration-ms="381" started-at="2019-08-12T08:57:47Z" finished-at="2019-08-12T08:57:48Z">
          <reporter-output>
          </reporter-output>
        </test-method> <!-- beforeSuite -->
        <test-method status="PASS" signature="setValues()[pri:0, instance:test.BuyLowPriceSUV@1ed4004b]" name="setValues" is-config="true" duration-ms="1" started-at="2019-08-12T08:57:48Z" finished-at="2019-08-12T08:57:48Z">
          <reporter-output>
          </reporter-output>
        </test-method> <!-- setValues -->
        <test-method status="PASS" signature="beforeMethod()[pri:0, instance:test.BuyLowPriceSUV@1ed4004b]" name="beforeMethod" is-config="true" duration-ms="2488" started-at="2019-08-12T08:57:48Z" finished-at="2019-08-12T08:57:51Z">
          <reporter-output>
          </reporter-output>
        </test-method> <!-- beforeMethod -->
        <test-method status="PASS" signature="launchApp()[pri:0, instance:test.BuyLowPriceSUV@1ed4004b]" name="launchApp" is-config="true" duration-ms="39861" started-at="2019-08-12T08:57:51Z" finished-at="2019-08-12T08:58:30Z">
          <reporter-output>
          </reporter-output>
        </test-method> <!-- launchApp -->
        <test-method status="PASS" signature="BuyCar(java.lang.String, java.lang.String, java.lang.String, java.lang.String, java.lang.String, java.lang.String, java.lang.String)[pri:0, instance:test.BuyLowPriceSUV@1ed4004b]" name="BuyCar" duration-ms="23906" started-at="2019-08-12T08:58:30Z" data-provider="fetchData" finished-at="2019-08-12T08:58:54Z">
          <params>
            <param index="0">
              <value>
                <![CDATA[Austin Bergstrom]]>
              </value>
            </param>
            <param index="1">
              <value>
                <![CDATA[5]]>
              </value>
            </param>
            <param index="2">
              <value>
                <![CDATA[string:1:00 PM]]>
              </value>
            </param>
            <param index="3">
              <value>
                <![CDATA[string:1:00 PM]]>
              </value>
            </param>
            <param index="4">
              <value>
                <![CDATA[Dinesh]]>
              </value>
            </param>
            <param index="5">
              <value>
                <![CDATA[C]]>
              </value>
            </param>
            <param index="6">
              <value>
                <![CDATA[dineshmca.c@gmail.com]]>
              </value>
            </param>
          </params>
          <reporter-output>
          </reporter-output>
        </test-method> <!-- BuyCar -->
        <test-method status="PASS" signature="afterMethod()[pri:0, instance:test.BuyLowPriceSUV@1ed4004b]" name="afterMethod" is-config="true" duration-ms="326" started-at="2019-08-12T08:58:54Z" finished-at="2019-08-12T08:58:55Z">
          <reporter-output>
          </reporter-output>
        </test-method> <!-- afterMethod -->
        <test-method status="PASS" signature="afterSuite()[pri:0, instance:test.BuyLowPriceSUV@1ed4004b]" name="afterSuite" is-config="true" duration-ms="229" started-at="2019-08-12T08:58:55Z" finished-at="2019-08-12T08:58:55Z">
          <reporter-output>
          </reporter-output>
        </test-method> <!-- afterSuite -->
      </class> <!-- test.BuyLowPriceSUV -->
    </test> <!-- Test -->
  </suite> <!-- Suite -->
</testng-results>
