<?xml version="1.0" encoding="UTF-8"?>
<testng-results skipped="0" failed="0" ignored="0" total="1" passed="1">
  <reporter-output>
  </reporter-output>
  <suite name="Default suite" duration-ms="59170" started-at="2019-08-10T08:33:05Z" finished-at="2019-08-10T08:34:04Z">
    <groups>
    </groups>
    <test name="Default test" duration-ms="59170" started-at="2019-08-10T08:33:05Z" finished-at="2019-08-10T08:34:04Z">
      <class name="test.BuyLowPriceSUV">
        <test-method status="PASS" signature="beforeSuite()[pri:0, instance:test.BuyLowPriceSUV@1ed4004b]" name="beforeSuite" is-config="true" duration-ms="316" started-at="2019-08-10T08:33:05Z" finished-at="2019-08-10T08:33:05Z">
          <reporter-output>
          </reporter-output>
        </test-method> <!-- beforeSuite -->
        <test-method status="PASS" signature="setValues()[pri:0, instance:test.BuyLowPriceSUV@1ed4004b]" name="setValues" is-config="true" duration-ms="0" started-at="2019-08-10T08:33:05Z" finished-at="2019-08-10T08:33:05Z">
          <reporter-output>
          </reporter-output>
        </test-method> <!-- setValues -->
        <test-method status="PASS" signature="beforeMethod()[pri:0, instance:test.BuyLowPriceSUV@1ed4004b]" name="beforeMethod" is-config="true" duration-ms="2291" started-at="2019-08-10T08:33:05Z" finished-at="2019-08-10T08:33:08Z">
          <reporter-output>
          </reporter-output>
        </test-method> <!-- beforeMethod -->
        <test-method status="PASS" signature="launchApp()[pri:0, instance:test.BuyLowPriceSUV@1ed4004b]" name="launchApp" is-config="true" duration-ms="36988" started-at="2019-08-10T08:33:08Z" finished-at="2019-08-10T08:33:45Z">
          <reporter-output>
          </reporter-output>
        </test-method> <!-- launchApp -->
        <test-method status="PASS" signature="BuyCar(java.lang.String, java.lang.String, java.lang.String, java.lang.String)[pri:0, instance:test.BuyLowPriceSUV@1ed4004b]" name="BuyCar" duration-ms="19184" started-at="2019-08-10T08:33:45Z" data-provider="fetchData" finished-at="2019-08-10T08:34:04Z">
          <params>
            <param index="0">
              <value>
                <![CDATA[Austin Bergstrom]]>
              </value>
            </param>
            <param index="1">
              <value>
                <![CDATA[Dinesh]]>
              </value>
            </param>
            <param index="2">
              <value>
                <![CDATA[C]]>
              </value>
            </param>
            <param index="3">
              <value>
                <![CDATA[dineshmca.c@gmail.com]]>
              </value>
            </param>
          </params>
          <reporter-output>
          </reporter-output>
        </test-method> <!-- BuyCar -->
        <test-method status="PASS" signature="afterMethod()[pri:0, instance:test.BuyLowPriceSUV@1ed4004b]" name="afterMethod" is-config="true" duration-ms="333" started-at="2019-08-10T08:34:04Z" finished-at="2019-08-10T08:34:04Z">
          <reporter-output>
          </reporter-output>
        </test-method> <!-- afterMethod -->
        <test-method status="PASS" signature="afterSuite()[pri:0, instance:test.BuyLowPriceSUV@1ed4004b]" name="afterSuite" is-config="true" duration-ms="238" started-at="2019-08-10T08:34:04Z" finished-at="2019-08-10T08:34:04Z">
          <reporter-output>
          </reporter-output>
        </test-method> <!-- afterSuite -->
      </class> <!-- test.BuyLowPriceSUV -->
    </test> <!-- Default test -->
  </suite> <!-- Default suite -->
</testng-results>
